30 5 6 4 3 7 10 9 8 11 2 13 12 14 15 1 19 18 17 22 21 20 23 16 25 27 26 24 29 30 28 
1 1 
6 (((()())))()
12 5 4 6 3 8 7 2 11 10 9 1 12 
9 4 3 6 5 7 2 1 8 9 
16 ((())())(())(())()(())(())()()()
28 7 6 8 5 9 4 11 12 10 3 14 13 17 16 15 2 19 18 20 22 21 1 26 25 24 23 28 27 
5 ((((()))))
24 ((((()))(()())(())())((()))())((((())))(()))()()
27 1 3 2 4 5 6 8 7 10 11 9 12 14 13 15 16 17 18 19 20 21 22 23 24 25 26 27 
17 ((()())(()())())(()((())))(())(())
6 (()(()))(())
21 (()()()())((())(())()())(()()())()()()()()
29 (((())(()))((())(()()))())(((())(())())())((()))(())(())()
4 3 2 1 4 
1 ()
29 ()()()()(())()(()())(())()()()(()())()(())()(())()()()()()
10 (()()()())()(()())()
20 (((())()())((())))(((())()())()())(())()
17 (((((((())))(()))())((())))())(())
