11 42 11 43 5 15 28 37 35 46 16 16 36 23 41 42 36 38 21 22 41 40 8 30 21 15 36 29 32 34 34 47 28 5 43 37 24 30 33 11 28 46 25 23 28 
11 42 11 43 5 15 28 37 35 46 16 16 36 23 41 42 36 38 21 22 41 40 8 30 21 15 36 29 32 34 34 47 28 5 43 37 24 30 33 11 28 46 25 23 28 
11 42 11 43 5 15 28 37 35 46 16 16 36 23 41 42 36 38 21 22 41 40 8 30 21 15 36 29 32 34 34 47 28 5 43 37 24 30 33 11 28 46 25 23 28 
11 48 31 76 7 16 35 50 56 67 19 41 36 36 42 46 63 38 24 40 45 46 11 43 36 32 44 31 42 35 39 54 34 5 47 51 31 34 41 27 44 46 30 32 60 
18 79 33 101 47 23 59 65 64 74 30 45 46 57 60 66 82 41 32 41 51 47 27 46 59 34 58 31 46 35 39 54 35 18 84 59 35 49 47 30 58 53 48 33 73 
18 82 35 102 49 42 61 75 75 76 37 45 68 61 70 66 82 55 41 54 59 59 33 56 60 35 87 44 56 60 40 55 36 52 90 69 40 82 51 34 60 67 49 41 87 
17 82 37 99 68 29 75 64 75 83 39 53 61 62 85 87 107 41 69 66 58 45 27 60 62 27 104 56 62 72 27 71 29 66 94 84 45 71 38 26 74 65 36 33 68 
17 82 37 99 68 29 75 64 75 83 39 53 61 62 85 87 107 41 69 66 58 45 27 60 62 27 104 56 62 72 27 71 29 66 94 84 45 71 38 26 74 65 36 33 68 
17 82 37 99 68 29 75 64 75 83 39 53 61 62 85 87 107 41 69 66 58 45 27 60 62 27 104 56 62 72 27 71 29 66 94 84 45 71 38 26 74 65 36 33 68 
17 82 37 99 68 29 75 64 75 83 39 53 61 62 85 87 107 41 69 66 58 45 27 60 62 27 104 56 62 72 27 71 29 66 94 84 45 71 38 26 74 65 36 33 68 
10 49 26 97 64 27 70 49 99 86 42 50 61 37 83 86 105 30 63 54 32 44 27 48 63 22 111 47 61 58 23 73 21 65 93 78 45 61 19 24 75 59 28 23 50 
18 70 29 99 69 38 88 49 114 89 44 51 61 43 88 94 111 32 69 56 32 48 28 54 63 23 125 53 67 68 23 75 21 81 95 81 46 63 29 24 78 60 55 34 52 
19 73 31 105 73 48 100 51 116 108 62 78 74 58 88 97 113 40 78 60 50 64 53 88 71 32 139 54 68 76 24 78 28 119 98 84 46 71 46 27 101 73 68 36 55 
19 73 31 105 73 48 100 51 116 108 62 78 74 58 88 97 113 40 78 60 50 64 53 88 71 32 139 54 68 76 24 78 28 119 98 84 46 71 46 27 101 73 68 36 55 
11 72 30 99 70 46 99 40 114 108 60 78 66 50 88 75 113 28 69 59 45 44 53 86 45 13 138 54 66 76 23 77 26 115 94 84 43 70 36 24 99 73 66 36 52 
17 85 30 101 72 61 101 42 116 120 65 91 68 70 122 75 116 33 81 69 54 47 58 108 60 15 171 58 74 106 41 79 31 116 135 118 45 71 36 27 106 73 84 45 58 
4 88 22 63 67 44 111 39 114 115 69 48 65 72 113 108 124 24 79 85 70 55 77 98 95 26 168 60 67 81 35 64 43 130 132 110 46 112 63 34 109 84 72 35 62 
3 95 10 46 50 59 116 28 117 112 70 47 64 77 113 100 122 19 53 95 39 41 92 62 80 55 141 40 80 107 10 77 50 137 162 108 53 91 66 40 89 99 76 26 78 
12 117 11 49 63 74 127 63 153 113 83 65 67 105 113 131 127 20 65 107 57 43 119 97 90 73 145 57 84 116 14 81 59 138 165 108 67 96 66 59 91 102 79 33 86 
12 117 11 49 63 74 127 63 153 113 83 65 67 105 113 131 127 20 65 107 57 43 119 97 90 73 145 57 84 116 14 81 59 138 165 108 67 96 66 59 91 102 79 33 86 
12 117 11 49 63 74 127 63 153 113 83 65 67 105 113 131 127 20 65 107 57 43 119 97 90 73 145 57 84 116 14 81 59 138 165 108 67 96 66 59 91 102 79 33 86 
15 137 15 49 86 77 127 96 181 124 90 77 77 128 126 139 163 22 71 108 88 52 124 109 96 95 157 73 112 116 28 95 64 146 190 110 75 98 70 61 122 109 84 43 86 
13 138 8 51 83 74 113 97 176 107 86 73 94 125 116 143 161 23 71 116 72 45 124 107 86 99 157 72 117 127 40 97 49 145 204 110 55 95 52 60 132 104 85 33 105 
